# JRE version: Java(TM) SE Runtime Environment (7.0_79-b15) (build 1.7.0_79-b15)
# Java VM: Java HotSpot(TM) 64-Bit Server VM (24.79-b02 mixed mode windows-amd64 compressed oops)
Heap
 PSYoungGen      total 256512K, used 117195K [0x00000000eaa80000, 0x00000000fc500000, 0x0000000100000000)
  eden space 242176K, 48% used [0x00000000eaa80000,0x00000000f1cf2fb0,0x00000000f9700000)
  from space 14336K, 0% used [0x00000000fb400000,0x00000000fb400000,0x00000000fc200000)
  to   space 23552K, 0% used [0x00000000f9700000,0x00000000f9700000,0x00000000fae00000)
 ParOldGen       total 77312K, used 46474K [0x00000000c0000000, 0x00000000c4b80000, 0x00000000eaa80000)
  object space 77312K, 60% used [0x00000000c0000000,0x00000000c2d62aa8,0x00000000c4b80000)
 PSPermGen       total 66048K, used 56192K [0x00000000b0000000, 0x00000000b4080000, 0x00000000c0000000)
  object space 66048K, 85% used [0x00000000b0000000,0x00000000b36e01b0,0x00000000b4080000)
GC Heap History (10 events):
Event: 6066.479 GC heap before
{Heap before GC invocations=58 (full 14):
 PSYoungGen      total 256000K, used 102588K [0x00000000eaa80000, 0x00000000fc700000, 0x0000000100000000)
  eden space 253440K, 40% used [0x00000000eaa80000,0x00000000f0eaf198,0x00000000fa200000)
  from space 2560K, 0% used [0x00000000fa200000,0x00000000fa200000,0x00000000fa480000)
  to   space 18944K, 0% used [0x00000000fb480000,0x00000000fb480000,0x00000000fc700000)
 ParOldGen       total 77312K, used 53208K [0x00000000c0000000, 0x00000000c4b80000, 0x00000000eaa80000)
  object space 77312K, 68% used [0x00000000c0000000,0x00000000c33f6100,0x00000000c4b80000)
 PSPermGen       total 71680K, used 57907K [0x00000000b0000000, 0x00000000b4600000, 0x00000000c0000000)
  object space 71680K, 80% used [0x00000000b0000000,0x00000000b388cd48,0x00000000b4600000)
Event: 6066.483 GC heap after
Heap after GC invocations=58 (full 14):
 PSYoungGen      total 271360K, used 1216K [0x00000000eaa80000, 0x00000000fc600000, 0x0000000100000000)
  eden space 253440K, 0% used [0x00000000eaa80000,0x00000000eaa80000,0x00000000fa200000)
  from space 17920K, 6% used [0x00000000fb480000,0x00000000fb5b0020,0x00000000fc600000)
  to   space 18432K, 0% used [0x00000000fa200000,0x00000000fa200000,0x00000000fb400000)
 ParOldGen       total 77312K, used 53208K [0x00000000c0000000, 0x00000000c4b80000, 0x00000000eaa80000)
  object space 77312K, 68% used [0x00000000c0000000,0x00000000c33f6100,0x00000000c4b80000)
 PSPermGen       total 71680K, used 57907K [0x00000000b0000000, 0x00000000b4600000, 0x00000000c0000000)
  object space 71680K, 80% used [0x00000000b0000000,0x00000000b388cd48,0x00000000b4600000)
}
Event: 6066.483 GC heap before
{Heap before GC invocations=59 (full 15):
 PSYoungGen      total 271360K, used 1216K [0x00000000eaa80000, 0x00000000fc600000, 0x0000000100000000)
  eden space 253440K, 0% used [0x00000000eaa80000,0x00000000eaa80000,0x00000000fa200000)
  from space 17920K, 6% used [0x00000000fb480000,0x00000000fb5b0020,0x00000000fc600000)
  to   space 18432K, 0% used [0x00000000fa200000,0x00000000fa200000,0x00000000fb400000)
 ParOldGen       total 77312K, used 53208K [0x00000000c0000000, 0x00000000c4b80000, 0x00000000eaa80000)
  object space 77312K, 68% used [0x00000000c0000000,0x00000000c33f6100,0x00000000c4b80000)
 PSPermGen       total 71680K, used 57907K [0x00000000b0000000, 0x00000000b4600000, 0x00000000c0000000)
  object space 71680K, 80% used [0x00000000b0000000,0x00000000b388cd48,0x00000000b4600000)
Event: 6066.720 GC heap after
Heap after GC invocations=59 (full 15):
 PSYoungGen      total 271360K, used 0K [0x00000000eaa80000, 0x00000000fc600000, 0x0000000100000000)
  eden space 253440K, 0% used [0x00000000eaa80000,0x00000000eaa80000,0x00000000fa200000)
  from space 17920K, 0% used [0x00000000fb480000,0x00000000fb480000,0x00000000fc600000)
  to   space 18432K, 0% used [0x00000000fa200000,0x00000000fa200000,0x00000000fb400000)
 ParOldGen       total 77312K, used 32110K [0x00000000c0000000, 0x00000000c4b80000, 0x00000000eaa80000)
  object space 77312K, 41% used [0x00000000c0000000,0x00000000c1f5b928,0x00000000c4b80000)
 PSPermGen       total 67072K, used 55169K [0x00000000b0000000, 0x00000000b4180000, 0x00000000c0000000)
  object space 67072K, 82% used [0x00000000b0000000,0x00000000b35e05e0,0x00000000b4180000)
}
Event: 6799.761 GC heap before
{Heap before GC invocations=60 (full 15):
 PSYoungGen      total 271360K, used 253440K [0x00000000eaa80000, 0x00000000fc600000, 0x0000000100000000)
  eden space 253440K, 100% used [0x00000000eaa80000,0x00000000fa200000,0x00000000fa200000)
  from space 17920K, 0% used [0x00000000fb480000,0x00000000fb480000,0x00000000fc600000)
  to   space 18432K, 0% used [0x00000000fa200000,0x00000000fa200000,0x00000000fb400000)
 ParOldGen       total 77312K, used 32110K [0x00000000c0000000, 0x00000000c4b80000, 0x00000000eaa80000)
  object space 77312K, 41% used [0x00000000c0000000,0x00000000c1f5b928,0x00000000c4b80000)
 PSPermGen       total 67072K, used 55696K [0x00000000b0000000, 0x00000000b4180000, 0x00000000c0000000)
  object space 67072K, 83% used [0x00000000b0000000,0x00000000b3664200,0x00000000b4180000)
Event: 6799.806 GC heap after
Heap after GC invocations=60 (full 15):
 PSYoungGen      total 260608K, used 18423K [0x00000000eaa80000, 0x00000000fc200000, 0x0000000100000000)
  eden space 242176K, 0% used [0x00000000eaa80000,0x00000000eaa80000,0x00000000f9700000)
  from space 18432K, 99% used [0x00000000fa200000,0x00000000fb3fdeb8,0x00000000fb400000)
  to   space 14336K, 0% used [0x00000000fb400000,0x00000000fb400000,0x00000000fc200000)
 ParOldGen       total 77312K, used 32198K [0x00000000c0000000, 0x00000000c4b80000, 0x00000000eaa80000)
  object space 77312K, 41% used [0x00000000c0000000,0x00000000c1f71928,0x00000000c4b80000)
 PSPermGen       total 67072K, used 55696K [0x00000000b0000000, 0x00000000b4180000, 0x00000000c0000000)
  object space 67072K, 83% used [0x00000000b0000000,0x00000000b3664200,0x00000000b4180000)
}
Event: 6803.935 GC heap before
{Heap before GC invocations=61 (full 15):
 PSYoungGen      total 260608K, used 118915K [0x00000000eaa80000, 0x00000000fc200000, 0x0000000100000000)
  eden space 242176K, 41% used [0x00000000eaa80000,0x00000000f0ca2e30,0x00000000f9700000)
  from space 18432K, 99% used [0x00000000fa200000,0x00000000fb3fdeb8,0x00000000fb400000)
  to   space 14336K, 0% used [0x00000000fb400000,0x00000000fb400000,0x00000000fc200000)
 ParOldGen       total 77312K, used 32198K [0x00000000c0000000, 0x00000000c4b80000, 0x00000000eaa80000)
  object space 77312K, 41% used [0x00000000c0000000,0x00000000c1f71928,0x00000000c4b80000)
 PSPermGen       total 67072K, used 56074K [0x00000000b0000000, 0x00000000b4180000, 0x00000000c0000000)
  object space 67072K, 83% used [0x00000000b0000000,0x00000000b36c2a88,0x00000000b4180000)
Event: 6803.955 GC heap after
Heap after GC invocations=61 (full 15):
 PSYoungGen      total 256512K, used 14304K [0x00000000eaa80000, 0x00000000fc500000, 0x0000000100000000)
  eden space 242176K, 0% used [0x00000000eaa80000,0x00000000eaa80000,0x00000000f9700000)
  from space 14336K, 99% used [0x00000000fb400000,0x00000000fc1f8020,0x00000000fc200000)
  to   space 23552K, 0% used [0x00000000f9700000,0x00000000f9700000,0x00000000fae00000)
 ParOldGen       total 77312K, used 33594K [0x00000000c0000000, 0x00000000c4b80000, 0x00000000eaa80000)
  object space 77312K, 43% used [0x00000000c0000000,0x00000000c20ce898,0x00000000c4b80000)
 PSPermGen       total 67072K, used 56074K [0x00000000b0000000, 0x00000000b4180000, 0x00000000c0000000)
  object space 67072K, 83% used [0x00000000b0000000,0x00000000b36c2a88,0x00000000b4180000)
}
Event: 6803.955 GC heap before
{Heap before GC invocations=62 (full 16):
 PSYoungGen      total 256512K, used 14304K [0x00000000eaa80000, 0x00000000fc500000, 0x0000000100000000)
  eden space 242176K, 0% used [0x00000000eaa80000,0x00000000eaa80000,0x00000000f9700000)
  from space 14336K, 99% used [0x00000000fb400000,0x00000000fc1f8020,0x00000000fc200000)
  to   space 23552K, 0% used [0x00000000f9700000,0x00000000f9700000,0x00000000fae00000)
 ParOldGen       total 77312K, used 33594K [0x00000000c0000000, 0x00000000c4b80000, 0x00000000eaa80000)
  object space 77312K, 43% used [0x00000000c0000000,0x00000000c20ce898,0x00000000c4b80000)
 PSPermGen       total 67072K, used 56074K [0x00000000b0000000, 0x00000000b4180000, 0x00000000c0000000)
  object space 67072K, 83% used [0x00000000b0000000,0x00000000b36c2a88,0x00000000b4180000)
Event: 6804.329 GC heap after
Heap after GC invocations=62 (full 16):
 PSYoungGen      total 256512K, used 0K [0x00000000eaa80000, 0x00000000fc500000, 0x0000000100000000)
  eden space 242176K, 0% used [0x00000000eaa80000,0x00000000eaa80000,0x00000000f9700000)
  from space 14336K, 0% used [0x00000000fb400000,0x00000000fb400000,0x00000000fc200000)
  to   space 23552K, 0% used [0x00000000f9700000,0x00000000f9700000,0x00000000fae00000)
 ParOldGen       total 77312K, used 46474K [0x00000000c0000000, 0x00000000c4b80000, 0x00000000eaa80000)
  object space 77312K, 60% used [0x00000000c0000000,0x00000000c2d62aa8,0x00000000c4b80000)
 PSPermGen       total 66048K, used 56074K [0x00000000b0000000, 0x00000000b4080000, 0x00000000c0000000)
  object space 66048K, 84% used [0x00000000b0000000,0x00000000b36c29e8,0x00000000b4080000)
}

